[1102/004109.732:ERROR:directory_reader_win.cc(43)] FindFirstFile: The system cannot find the path specified. (0x3)
[1102/012047.077:ERROR:directory_reader_win.cc(43)] FindFirstFile: The system cannot find the path specified. (0x3)
[1102/132425.369:ERROR:directory_reader_win.cc(43)] FindFirstFile: The system cannot find the path specified. (0x3)
[1103/181113.218:ERROR:process_reader_win.cc(123)] NtOpenThread: {Access Denied} A process has requested access to an object, but has not been granted those access rights. (0xc0000022)
[1103/181113.278:ERROR:exception_snapshot_win.cc(99)] thread ID 11412 not found in process
[1103/181113.159:ERROR:scoped_process_suspend.cc(31)] NtSuspendProcess: An attempt was made to access an exiting process. (0xc000010a)
[1103/181113.159:ERROR:scoped_process_suspend.cc(31)] NtSuspendProcess: An attempt was made to access an exiting process. (0xc000010a)
[1103/181113.288:ERROR:process_info.cc(118)] ReadProcessMemory bool __cdecl crashpad::(anonymous namespace)::ReadStruct(HANDLE, crashpad::WinVMAddress, T *) [T = crashpad::process_types::PEB<crashpad::process_types::internal::Traits64>]: Only part of a ReadProcessMemory or WriteProcessMemory request was completed. (0x12B)
[1103/181113.288:ERROR:process_info.cc(118)] ReadProcessMemory bool __cdecl crashpad::(anonymous namespace)::ReadStruct(HANDLE, crashpad::WinVMAddress, T *) [T = crashpad::process_types::PEB<crashpad::process_types::internal::Traits64>]: Only part of a ReadProcessMemory or WriteProcessMemory request was completed. (0x12B)
[1103/181113.314:ERROR:process_info.cc(551)] ReadProcessData failed
[1103/181113.314:ERROR:process_info.cc(551)] ReadProcessData failed
[1103/181113.632:ERROR:process_info.cc(329)] VirtualQueryEx: Access is denied. (0x5)
[1103/181113.632:ERROR:process_info.cc(556)] ReadMemoryInfo failed
[1103/181113.632:ERROR:scoped_process_suspend.cc(40)] NtResumeProcess: An attempt was made to access an exiting process. (0xc000010a)
[1104/231359.403:ERROR:directory_reader_win.cc(43)] FindFirstFile: The system cannot find the path specified. (0x3)
[1106/214018.058:ERROR:directory_reader_win.cc(43)] FindFirstFile: The system cannot find the path specified. (0x3)
[1111/230903.960:ERROR:directory_reader_win.cc(43)] FindFirstFile: The system cannot find the path specified. (0x3)
[1119/121959.830:ERROR:directory_reader_win.cc(43)] FindFirstFile: The system cannot find the path specified. (0x3)
[1126/030112.312:ERROR:directory_reader_win.cc(43)] FindFirstFile: The system cannot find the path specified. (0x3)
[1207/001342.444:ERROR:directory_reader_win.cc(43)] FindFirstFile: The system cannot find the path specified. (0x3)
[1208/001342.585:ERROR:directory_reader_win.cc(43)] FindFirstFile: The system cannot find the path specified. (0x3)
[1208/031938.368:ERROR:process_reader_win.cc(123)] NtOpenThread: {Access Denied} A process has requested access to an object, but has not been granted those access rights. (0xc0000022)
[1208/031938.368:ERROR:process_reader_win.cc(123)] NtOpenThread: {Access Denied} A process has requested access to an object, but has not been granted those access rights. (0xc0000022)
[1208/031938.368:ERROR:process_reader_win.cc(123)] NtOpenThread: {Access Denied} A process has requested access to an object, but has not been granted those access rights. (0xc0000022)
[1208/031938.368:ERROR:process_reader_win.cc(123)] NtOpenThread: {Access Denied} A process has requested access to an object, but has not been granted those access rights. (0xc0000022)
[1208/031938.821:ERROR:exception_snapshot_win.cc(99)] thread ID 3604 not found in process
[1208/031938.821:ERROR:exception_snapshot_win.cc(99)] thread ID 12968 not found in process
[1208/031938.821:ERROR:exception_snapshot_win.cc(99)] thread ID 2384 not found in process
[1208/031938.821:ERROR:exception_snapshot_win.cc(99)] thread ID 10980 not found in process
[1208/035754.906:ERROR:directory_reader_win.cc(43)] FindFirstFile: The system cannot find the path specified. (0x3)
[1208/231708.547:ERROR:process_reader_win.cc(123)] NtOpenThread: {Access Denied} A process has requested access to an object, but has not been granted those access rights. (0xc0000022)
[1208/231708.549:ERROR:process_reader_win.cc(123)] NtOpenThread: {Access Denied} A process has requested access to an object, but has not been granted those access rights. (0xc0000022)
[1208/231708.556:ERROR:process_reader_win.cc(123)] NtOpenThread: {Access Denied} A process has requested access to an object, but has not been granted those access rights. (0xc0000022)
[1208/231708.564:ERROR:process_reader_win.cc(123)] NtOpenThread: {Access Denied} A process has requested access to an object, but has not been granted those access rights. (0xc0000022)
[1208/231708.551:ERROR:process_reader_win.cc(123)] NtOpenThread: {Access Denied} A process has requested access to an object, but has not been granted those access rights. (0xc0000022)
[1208/231708.545:ERROR:process_reader_win.cc(123)] NtOpenThread: {Access Denied} A process has requested access to an object, but has not been granted those access rights. (0xc0000022)
[1208/231708.545:ERROR:process_reader_win.cc(123)] NtOpenThread: {Access Denied} A process has requested access to an object, but has not been granted those access rights. (0xc0000022)
[1208/231708.545:ERROR:process_reader_win.cc(123)] NtOpenThread: {Access Denied} A process has requested access to an object, but has not been granted those access rights. (0xc0000022)
[1208/231708.876:ERROR:exception_snapshot_win.cc(99)] thread ID 9524 not found in process
[1208/231708.876:ERROR:exception_snapshot_win.cc(99)] thread ID 7912 not found in process
[1208/231708.786:ERROR:process_reader_win.cc(123)] NtOpenThread: {Access Denied} A process has requested access to an object, but has not been granted those access rights. (0xc0000022)
[1208/231708.876:ERROR:exception_snapshot_win.cc(99)] thread ID 9580 not found in process
[1208/231708.876:ERROR:exception_snapshot_win.cc(99)] thread ID 10848 not found in process
[1208/231708.548:ERROR:process_reader_win.cc(123)] NtOpenThread: {Access Denied} A process has requested access to an object, but has not been granted those access rights. (0xc0000022)
[1208/231708.876:ERROR:exception_snapshot_win.cc(99)] thread ID 5436 not found in process
[1208/231708.876:ERROR:exception_snapshot_win.cc(99)] thread ID 8336 not found in process
[1208/231708.876:ERROR:exception_snapshot_win.cc(99)] thread ID 10888 not found in process
[1208/231708.876:ERROR:exception_snapshot_win.cc(99)] thread ID 8288 not found in process
[1208/231708.877:ERROR:exception_snapshot_win.cc(99)] thread ID 4180 not found in process
[1208/231708.877:ERROR:exception_snapshot_win.cc(99)] thread ID 6440 not found in process
[1208/231708.887:ERROR:process_reader_win.cc(123)] NtOpenThread: {Access Denied} A process has requested access to an object, but has not been granted those access rights. (0xc0000022)
[1208/231708.887:ERROR:exception_snapshot_win.cc(99)] thread ID 10812 not found in process
[1208/231708.968:ERROR:process_reader_win.cc(123)] NtOpenThread: {Access Denied} A process has requested access to an object, but has not been granted those access rights. (0xc0000022)
[1208/231708.968:ERROR:exception_snapshot_win.cc(99)] thread ID 9412 not found in process
[1208/231709.004:ERROR:process_reader_win.cc(123)] NtOpenThread: {Access Denied} A process has requested access to an object, but has not been granted those access rights. (0xc0000022)
[1208/231709.005:ERROR:exception_snapshot_win.cc(99)] thread ID 9860 not found in process
[1208/231709.015:ERROR:process_reader_win.cc(123)] NtOpenThread: {Access Denied} A process has requested access to an object, but has not been granted those access rights. (0xc0000022)
[1208/231709.016:ERROR:exception_snapshot_win.cc(99)] thread ID 5752 not found in process
[1208/231709.016:ERROR:process_reader_win.cc(123)] NtOpenThread: {Access Denied} A process has requested access to an object, but has not been granted those access rights. (0xc0000022)
[1208/231709.016:ERROR:exception_snapshot_win.cc(99)] thread ID 10152 not found in process
[1208/231709.027:ERROR:process_reader_win.cc(123)] NtOpenThread: {Access Denied} A process has requested access to an object, but has not been granted those access rights. (0xc0000022)
[1208/231709.027:ERROR:exception_snapshot_win.cc(99)] thread ID 10732 not found in process
[1208/231709.035:ERROR:process_reader_win.cc(123)] NtOpenThread: {Access Denied} A process has requested access to an object, but has not been granted those access rights. (0xc0000022)
[1208/231709.035:ERROR:exception_snapshot_win.cc(99)] thread ID 4260 not found in process
